#
# There is insufficient memory for the Java Runtime Environment to continue.
# Native memory allocation (mmap) failed to map 181927936 bytes for committing reserved memory.
# Possible reasons:
#   The system is out of physical RAM or swap space
#   In 32 bit mode, the process size limit was hit
# Possible solutions:
#   Reduce memory load on the system
#   Increase physical memory or swap space
#   Check if swap backing store is full
#   Use 64 bit Java on a 64 bit OS
#   Decrease Java heap size (-Xmx/-Xms)
#   Decrease number of Java threads
#   Decrease Java thread stack sizes (-Xss)
#   Set larger code cache with -XX:ReservedCodeCacheSize=
# This output file may be truncated or incomplete.
#
#  Out of Memory Error (os_linux.cpp:2627), pid=4995, tid=0x00007fd900160700
#
# JRE version: Java(TM) SE Runtime Environment (8.0_121-b13) (build 1.8.0_121-b13)
# Java VM: Java HotSpot(TM) 64-Bit Server VM (25.121-b13 mixed mode linux-amd64 compressed oops)
# Failed to write core dump. Core dumps have been disabled. To enable core dumping, try "ulimit -c unlimited" before starting Java again
#

---------------  T H R E A D  ---------------

Current thread (0x00007fd8fc07e800):  VMThread [stack: 0x00007fd900060000,0x00007fd900161000] [id=5007]

Stack: [0x00007fd900060000,0x00007fd900161000],  sp=0x00007fd90015f020,  free space=1020k
Native frames: (J=compiled Java code, j=interpreted, Vv=VM code, C=native code)
V  [libjvm.so+0xac703a]  VMError::report_and_die()+0x2ba
V  [libjvm.so+0x4fc7eb]  report_vm_out_of_memory(char const*, int, unsigned long, VMErrorType, char const*)+0x8b
V  [libjvm.so+0x923c43]  os::Linux::commit_memory_impl(char*, unsigned long, bool)+0x103
V  [libjvm.so+0x924199]  os::pd_commit_memory(char*, unsigned long, unsigned long, bool)+0x29
V  [libjvm.so+0x91e4aa]  os::commit_memory(char*, unsigned long, unsigned long, bool)+0x2a
V  [libjvm.so+0x992f03]  PSVirtualSpace::expand_by(unsigned long)+0x53
V  [libjvm.so+0x9837c0]  PSOldGen::expand(unsigned long)+0x170
V  [libjvm.so+0x9839cb]  PSOldGen::resize(unsigned long)+0x1cb
V  [libjvm.so+0x98b6d1]  PSParallelCompact::invoke_no_policy(bool)+0x991
V  [libjvm.so+0x99102d]  PSScavenge::invoke()+0x1ad
V  [libjvm.so+0x947c10]  ParallelScavengeHeap::failed_mem_allocate(unsigned long)+0x70
V  [libjvm.so+0xac8a57]  VM_ParallelGCFailedAllocation::doit()+0x97
V  [libjvm.so+0xad0535]  VM_Operation::evaluate()+0x55
V  [libjvm.so+0xace90a]  VMThread::evaluate_operation(VM_Operation*)+0xba
V  [libjvm.so+0xacec8e]  VMThread::loop()+0x1ce
V  [libjvm.so+0xacf100]  VMThread::run()+0x70
V  [libjvm.so+0x926268]  java_start(Thread*)+0x108

VM_Operation (0x00007fd905c9f310): ParallelGCFailedAllocation, mode: safepoint, requested by thread 0x00007fd8fc010800


---------------  P R O C E S S  ---------------

Java Threads: ( => current thread )
  0x00007fd8fcc48000 JavaThread "GC Daemon" daemon [_thread_blocked, id=5017, stack(0x00007fd8b2efd000,0x00007fd8b2ffe000)]
  0x00007fd8fc617000 JavaThread "ReaderThread" [_thread_in_native, id=5016, stack(0x00007fd8b3bfe000,0x00007fd8b3cff000)]
  0x00007fd8fc0c8000 JavaThread "Service Thread" daemon [_thread_blocked, id=5014, stack(0x00007fd8ec4f0000,0x00007fd8ec5f1000)]
  0x00007fd8fc0c5000 JavaThread "C1 CompilerThread2" daemon [_thread_blocked, id=5013, stack(0x00007fd8ec5f1000,0x00007fd8ec6f2000)]
  0x00007fd8fc0c3000 JavaThread "C2 CompilerThread1" daemon [_thread_blocked, id=5012, stack(0x00007fd8ec6f2000,0x00007fd8ec7f3000)]
  0x00007fd8fc0c0000 JavaThread "C2 CompilerThread0" daemon [_thread_blocked, id=5011, stack(0x00007fd8ec7f3000,0x00007fd8ec8f4000)]
  0x00007fd8fc0be800 JavaThread "Signal Dispatcher" daemon [_thread_blocked, id=5010, stack(0x00007fd8ec8f4000,0x00007fd8ec9f5000)]
  0x00007fd8fc08a800 JavaThread "Finalizer" daemon [_thread_blocked, id=5009, stack(0x00007fd8ecdfe000,0x00007fd8eceff000)]
  0x00007fd8fc086000 JavaThread "Reference Handler" daemon [_thread_blocked, id=5008, stack(0x00007fd8eceff000,0x00007fd8ed000000)]
  0x00007fd8fc010800 JavaThread "main" [_thread_blocked, id=5002, stack(0x00007fd905c2d000,0x00007fd905d2e000)]

Other Threads:
=>0x00007fd8fc07e800 VMThread [stack: 0x00007fd900060000,0x00007fd900161000] [id=5007]
  0x00007fd8fc0cb000 WatcherThread [stack: 0x00007fd8ec3ef000,0x00007fd8ec4f0000] [id=5015]

VM state:at safepoint (normal execution)

VM Mutex/Monitor currently owned by a thread:  ([mutex/lock_event])
[0x00007fd8fc00c510] ExpandHeap_lock - owner thread: 0x00007fd8fc07e800
[0x00007fd8fc00cb90] Threads_lock - owner thread: 0x00007fd8fc07e800
[0x00007fd8fc00d090] Heap_lock - owner thread: 0x00007fd8fc010800

Heap:
 PSYoungGen      total 567296K, used 0K [0x00000000d7000000, 0x0000000100000000, 0x0000000100000000)
  eden space 462848K, 0% used [0x00000000d7000000,0x00000000d7000000,0x00000000f3400000)
  from space 104448K, 0% used [0x00000000f3400000,0x00000000f3400000,0x00000000f9a00000)
  to   space 99328K, 0% used [0x00000000f9f00000,0x00000000f9f00000,0x0000000100000000)
 ParOldGen       total 401920K, used 382526K [0x0000000085000000, 0x000000009d880000, 0x00000000d7000000)
  object space 401920K, 95% used [0x0000000085000000,0x000000009c58f810,0x000000009d880000)
 Metaspace       used 26607K, capacity 26922K, committed 27056K, reserved 1073152K
  class space    used 2886K, capacity 2948K, committed 2992K, reserved 1048576K

Card table byte_map: [0x00007fd9025fe000,0x00007fd9029d7000] byte_map_base: 0x00007fd9021d6000

Marking Bits: (ParMarkBitMap*) 0x00007fd905101c80
 Begin Bits: [0x00007fd8dc280000, 0x00007fd8de140000)
 End Bits:   [0x00007fd8de140000, 0x00007fd8e0000000)

Polling page: 0x00007fd905d51000

CodeCache: size=245760Kb used=21175Kb max_used=21267Kb free=224584Kb
 bounds [0x00007fd8ed000000, 0x00007fd8ee510000, 0x00007fd8fc000000]
 total_blobs=5043 nmethods=4672 adapters=283
 compilation: enabled

Compilation events (10 events):
Event: 130,922 Thread 0x00007fd8fc0c5000 6200       1       com.sun.org.apache.xerces.internal.impl.XMLDocumentFragmentScannerImpl::setDocumentHandler (6 bytes)
Event: 130,922 Thread 0x00007fd8fc0c5000 nmethod 6200 0x00007fd8ed118dd0 code [0x00007fd8ed118f20, 0x00007fd8ed119050]
Event: 131,144 Thread 0x00007fd8fc0c3000 6201       4       java.util.HashSet::remove (20 bytes)
Event: 131,152 Thread 0x00007fd8fc0c3000 nmethod 6201 0x00007fd8edd08c50 code [0x00007fd8edd08e00, 0x00007fd8edd09458]
Event: 131,563 Thread 0x00007fd8fc0c0000 6202 %     4       org.springframework.beans.factory.support.AbstractBeanFactory::clearMetadataCache @ 15 (50 bytes)
Event: 131,599 Thread 0x00007fd8fc0c0000 nmethod 6202% 0x00007fd8ed57bc90 code [0x00007fd8ed57be60, 0x00007fd8ed57c888]
Event: 132,750 Thread 0x00007fd8fc0c5000 6203   !   3       org.springframework.core.ResolvableType::getGeneric (61 bytes)
Event: 132,751 Thread 0x00007fd8fc0c5000 nmethod 6203 0x00007fd8edc56950 code [0x00007fd8edc56b00, 0x00007fd8edc56f98]
Event: 132,766 Thread 0x00007fd8fc0c3000 6204       4       org.springframework.core.type.classreading.AnnotationMetadataReadingVisitor::visitField (12 bytes)
Event: 132,767 Thread 0x00007fd8fc0c3000 nmethod 6204 0x00007fd8ed18f6d0 code [0x00007fd8ed18f820, 0x00007fd8ed18f8f8]

GC Heap History (10 events):
Event: 94,960 GC heap after
Heap after GC invocations=25 (full 4):
 PSYoungGen      total 598528K, used 12444K [0x00000000d7000000, 0x0000000100000000, 0x0000000100000000)
  eden space 537088K, 0% used [0x00000000d7000000,0x00000000d7000000,0x00000000f7c80000)
  from space 61440K, 20% used [0x00000000f7c80000,0x00000000f88a7028,0x00000000fb880000)
  to   space 62976K, 0% used [0x00000000fc280000,0x00000000fc280000,0x0000000100000000)
 ParOldGen       total 401920K, used 245047K [0x0000000085000000, 0x000000009d880000, 0x00000000d7000000)
  object space 401920K, 60% used [0x0000000085000000,0x0000000093f4def0,0x000000009d880000)
 Metaspace       used 26536K, capacity 26858K, committed 27056K, reserved 1073152K
  class space    used 2886K, capacity 2948K, committed 2992K, reserved 1048576K
}
Event: 104,829 GC heap before
{Heap before GC invocations=26 (full 4):
 PSYoungGen      total 598528K, used 549532K [0x00000000d7000000, 0x0000000100000000, 0x0000000100000000)
  eden space 537088K, 100% used [0x00000000d7000000,0x00000000f7c80000,0x00000000f7c80000)
  from space 61440K, 20% used [0x00000000f7c80000,0x00000000f88a7028,0x00000000fb880000)
  to   space 62976K, 0% used [0x00000000fc280000,0x00000000fc280000,0x0000000100000000)
 ParOldGen       total 401920K, used 245047K [0x0000000085000000, 0x000000009d880000, 0x00000000d7000000)
  object space 401920K, 60% used [0x0000000085000000,0x0000000093f4def0,0x000000009d880000)
 Metaspace       used 26551K, capacity 26922K, committed 27056K, reserved 1073152K
  class space    used 2886K, capacity 2948K, committed 2992K, reserved 1048576K
Event: 104,900 GC heap after
Heap after GC invocations=26 (full 4):
 PSYoungGen      total 600576K, used 46839K [0x00000000d7000000, 0x0000000100000000, 0x0000000100000000)
  eden space 537600K, 0% used [0x00000000d7000000,0x00000000d7000000,0x00000000f7d00000)
  from space 62976K, 74% used [0x00000000fc280000,0x00000000ff03dcd0,0x0000000100000000)
  to   space 67072K, 0% used [0x00000000f7d00000,0x00000000f7d00000,0x00000000fbe80000)
 ParOldGen       total 401920K, used 245047K [0x0000000085000000, 0x000000009d880000, 0x00000000d7000000)
  object space 401920K, 60% used [0x0000000085000000,0x0000000093f4def0,0x000000009d880000)
 Metaspace       used 26551K, capacity 26922K, committed 27056K, reserved 1073152K
  class space    used 2886K, capacity 2948K, committed 2992K, reserved 1048576K
}
Event: 114,957 GC heap before
{Heap before GC invocations=27 (full 4):
 PSYoungGen      total 600576K, used 584439K [0x00000000d7000000, 0x0000000100000000, 0x0000000100000000)
  eden space 537600K, 100% used [0x00000000d7000000,0x00000000f7d00000,0x00000000f7d00000)
  from space 62976K, 74% used [0x00000000fc280000,0x00000000ff03dcd0,0x0000000100000000)
  to   space 67072K, 0% used [0x00000000f7d00000,0x00000000f7d00000,0x00000000fbe80000)
 ParOldGen       total 401920K, used 245047K [0x0000000085000000, 0x000000009d880000, 0x00000000d7000000)
  object space 401920K, 60% used [0x0000000085000000,0x0000000093f4def0,0x000000009d880000)
 Metaspace       used 26556K, capacity 26922K, committed 27056K, reserved 1073152K
  class space    used 2886K, capacity 2948K, committed 2992K, reserved 1048576K
Event: 115,019 GC heap after
Heap after GC invocations=27 (full 4):
 PSYoungGen      total 604672K, used 67043K [0x00000000d7000000, 0x0000000100000000, 0x0000000100000000)
  eden space 537600K, 0% used [0x00000000d7000000,0x00000000d7000000,0x00000000f7d00000)
  from space 67072K, 99% used [0x00000000f7d00000,0x00000000fbe78fc0,0x00000000fbe80000)
  to   space 67072K, 0% used [0x00000000fbe80000,0x00000000fbe80000,0x0000000100000000)
 ParOldGen       total 401920K, used 257941K [0x0000000085000000, 0x000000009d880000, 0x00000000d7000000)
  object space 401920K, 64% used [0x0000000085000000,0x0000000094be54a0,0x000000009d880000)
 Metaspace       used 26556K, capacity 26922K, committed 27056K, reserved 1073152K
  class space    used 2886K, capacity 2948K, committed 2992K, reserved 1048576K
}
Event: 125,219 GC heap before
{Heap before GC invocations=28 (full 4):
 PSYoungGen      total 604672K, used 604643K [0x00000000d7000000, 0x0000000100000000, 0x0000000100000000)
  eden space 537600K, 100% used [0x00000000d7000000,0x00000000f7d00000,0x00000000f7d00000)
  from space 67072K, 99% used [0x00000000f7d00000,0x00000000fbe78fc0,0x00000000fbe80000)
  to   space 67072K, 0% used [0x00000000fbe80000,0x00000000fbe80000,0x0000000100000000)
 ParOldGen       total 401920K, used 257941K [0x0000000085000000, 0x000000009d880000, 0x00000000d7000000)
  object space 401920K, 64% used [0x0000000085000000,0x0000000094be54a0,0x000000009d880000)
 Metaspace       used 26605K, capacity 26922K, committed 27056K, reserved 1073152K
  class space    used 2886K, capacity 2948K, committed 2992K, reserved 1048576K
Event: 125,830 GC heap after
Heap after GC invocations=28 (full 4):
 PSYoungGen      total 529920K, used 67060K [0x00000000d7000000, 0x0000000100000000, 0x0000000100000000)
  eden space 462848K, 0% used [0x00000000d7000000,0x00000000d7000000,0x00000000f3400000)
  from space 67072K, 99% used [0x00000000fbe80000,0x00000000ffffd170,0x0000000100000000)
  to   space 104448K, 0% used [0x00000000f3400000,0x00000000f3400000,0x00000000f9a00000)
 ParOldGen       total 401920K, used 298197K [0x0000000085000000, 0x000000009d880000, 0x00000000d7000000)
  object space 401920K, 74% used [0x0000000085000000,0x00000000973355f8,0x000000009d880000)
 Metaspace       used 26605K, capacity 26922K, committed 27056K, reserved 1073152K
  class space    used 2886K, capacity 2948K, committed 2992K, reserved 1048576K
}
Event: 134,108 GC heap before
{Heap before GC invocations=29 (full 4):
 PSYoungGen      total 529920K, used 529908K [0x00000000d7000000, 0x0000000100000000, 0x0000000100000000)
  eden space 462848K, 100% used [0x00000000d7000000,0x00000000f3400000,0x00000000f3400000)
  from space 67072K, 99% used [0x00000000fbe80000,0x00000000ffffd170,0x0000000100000000)
  to   space 104448K, 0% used [0x00000000f3400000,0x00000000f3400000,0x00000000f9a00000)
 ParOldGen       total 401920K, used 298197K [0x0000000085000000, 0x000000009d880000, 0x00000000d7000000)
  object space 401920K, 74% used [0x0000000085000000,0x00000000973355f8,0x000000009d880000)
 Metaspace       used 26607K, capacity 26922K, committed 27056K, reserved 1073152K
  class space    used 2886K, capacity 2948K, committed 2992K, reserved 1048576K
Event: 134,278 GC heap after
Heap after GC invocations=29 (full 4):
 PSYoungGen      total 567296K, used 34377K [0x00000000d7000000, 0x0000000100000000, 0x0000000100000000)
  eden space 462848K, 0% used [0x00000000d7000000,0x00000000d7000000,0x00000000f3400000)
  from space 104448K, 32% used [0x00000000f3400000,0x00000000f5592510,0x00000000f9a00000)
  to   space 99328K, 0% used [0x00000000f9f00000,0x00000000f9f00000,0x0000000100000000)
 ParOldGen       total 401920K, used 364151K [0x0000000085000000, 0x000000009d880000, 0x00000000d7000000)
  object space 401920K, 90% used [0x0000000085000000,0x000000009b39dc88,0x000000009d880000)
 Metaspace       used 26607K, capacity 26922K, committed 27056K, reserved 1073152K
  class space    used 2886K, capacity 2948K, committed 2992K, reserved 1048576K
}
Event: 134,278 GC heap before
{Heap before GC invocations=30 (full 5):
 PSYoungGen      total 567296K, used 34377K [0x00000000d7000000, 0x0000000100000000, 0x0000000100000000)
  eden space 462848K, 0% used [0x00000000d7000000,0x00000000d7000000,0x00000000f3400000)
  from space 104448K, 32% used [0x00000000f3400000,0x00000000f5592510,0x00000000f9a00000)
  to   space 99328K, 0% used [0x00000000f9f00000,0x00000000f9f00000,0x0000000100000000)
 ParOldGen       total 401920K, used 364151K [0x0000000085000000, 0x000000009d880000, 0x00000000d7000000)
  object space 401920K, 90% used [0x0000000085000000,0x000000009b39dc88,0x000000009d880000)
 Metaspace       used 26607K, capacity 26922K, committed 27056K, reserved 1073152K
  class space    used 2886K, capacity 2948K, committed 2992K, reserved 1048576K

Deoptimization events (10 events):
Event: 22,159 Thread 0x00007fd8fc010800 Uncommon trap: reason=null_check action=make_not_entrant pc=0x00007fd8ed525ae4 method=org.springframework.context.annotation.ConfigurationClassUtils.isFullConfigurationClass(Lorg/springframework/beans/factory/config/BeanDefinition;)Z @ 11
Event: 62,857 Thread 0x00007fd8fc010800 Uncommon trap: reason=predicate action=maybe_recompile pc=0x00007fd8ed6c9214 method=java.util.LinkedList.toArray([Ljava/lang/Object;)[Ljava/lang/Object; @ 45
Event: 63,508 Thread 0x00007fd8fc010800 Uncommon trap: reason=array_check action=maybe_recompile pc=0x00007fd8ed754c10 method=java.util.LinkedList.toArray([Ljava/lang/Object;)[Ljava/lang/Object; @ 55
Event: 63,510 Thread 0x00007fd8fc010800 Uncommon trap: reason=array_check action=maybe_recompile pc=0x00007fd8ed754c10 method=java.util.LinkedList.toArray([Ljava/lang/Object;)[Ljava/lang/Object; @ 55
Event: 63,511 Thread 0x00007fd8fc010800 Uncommon trap: reason=array_check action=maybe_recompile pc=0x00007fd8ed754c10 method=java.util.LinkedList.toArray([Ljava/lang/Object;)[Ljava/lang/Object; @ 55
Event: 63,512 Thread 0x00007fd8fc010800 Uncommon trap: reason=array_check action=maybe_recompile pc=0x00007fd8ed754c10 method=java.util.LinkedList.toArray([Ljava/lang/Object;)[Ljava/lang/Object; @ 55
Event: 98,532 Thread 0x00007fd8fc010800 Uncommon trap: reason=null_check action=make_not_entrant pc=0x00007fd8ee3ecd4c method=org.springframework.beans.factory.support.DisposableBeanAdapter.hasDestroyMethod(Ljava/lang/Object;Lorg/springframework/beans/factory/support/RootBeanDefinition;)Z @ 27
Event: 120,410 Thread 0x00007fd8fc010800 Uncommon trap: reason=null_check action=make_not_entrant pc=0x00007fd8ed326f70 method=org.springframework.aop.framework.autoproxy.AbstractAutoProxyCreator.isInfrastructureClass(Ljava/lang/Class;)Z @ 3
Event: 122,951 Thread 0x00007fd8fc010800 Uncommon trap: reason=null_check action=make_not_entrant pc=0x00007fd8edc4db08 method=org.springframework.aop.framework.autoproxy.AbstractAutoProxyCreator.isInfrastructureClass(Ljava/lang/Class;)Z @ 12
Event: 124,780 Thread 0x00007fd8fc010800 Uncommon trap: reason=null_check action=make_not_entrant pc=0x00007fd8edbf93ec method=org.springframework.aop.framework.autoproxy.AbstractAutoProxyCreator.isInfrastructureClass(Ljava/lang/Class;)Z @ 21

Internal exceptions (10 events):
Event: 133,153 Thread 0x00007fd8fc010800 Exception <a 'java/security/PrivilegedActionException'> (0x00000000ee6f6690) thrown at [/HUDSON3/workspace/8-2-build-linux-amd64/jdk8u121/8372/hotspot/src/share/vm/prims/jvm.cpp, line 1390]
Event: 133,153 Thread 0x00007fd8fc010800 Exception <a 'java/security/PrivilegedActionException'> (0x00000000ee6fa3b8) thrown at [/HUDSON3/workspace/8-2-build-linux-amd64/jdk8u121/8372/hotspot/src/share/vm/prims/jvm.cpp, line 1390]
Event: 133,327 Thread 0x00007fd8fc010800 Exception <a 'java/security/PrivilegedActionException'> (0x00000000ef69ca70) thrown at [/HUDSON3/workspace/8-2-build-linux-amd64/jdk8u121/8372/hotspot/src/share/vm/prims/jvm.cpp, line 1390]
Event: 133,327 Thread 0x00007fd8fc010800 Exception <a 'java/security/PrivilegedActionException'> (0x00000000ef6a0798) thrown at [/HUDSON3/workspace/8-2-build-linux-amd64/jdk8u121/8372/hotspot/src/share/vm/prims/jvm.cpp, line 1390]
Event: 133,421 Thread 0x00007fd8fc010800 Exception <a 'java/security/PrivilegedActionException'> (0x00000000f064c7e0) thrown at [/HUDSON3/workspace/8-2-build-linux-amd64/jdk8u121/8372/hotspot/src/share/vm/prims/jvm.cpp, line 1390]
Event: 133,421 Thread 0x00007fd8fc010800 Exception <a 'java/security/PrivilegedActionException'> (0x00000000f0650508) thrown at [/HUDSON3/workspace/8-2-build-linux-amd64/jdk8u121/8372/hotspot/src/share/vm/prims/jvm.cpp, line 1390]
Event: 133,558 Thread 0x00007fd8fc010800 Exception <a 'java/security/PrivilegedActionException'> (0x00000000f15f2c98) thrown at [/HUDSON3/workspace/8-2-build-linux-amd64/jdk8u121/8372/hotspot/src/share/vm/prims/jvm.cpp, line 1390]
Event: 133,558 Thread 0x00007fd8fc010800 Exception <a 'java/security/PrivilegedActionException'> (0x00000000f15f69c0) thrown at [/HUDSON3/workspace/8-2-build-linux-amd64/jdk8u121/8372/hotspot/src/share/vm/prims/jvm.cpp, line 1390]
Event: 134,009 Thread 0x00007fd8fc010800 Exception <a 'java/security/PrivilegedActionException'> (0x00000000f2599098) thrown at [/HUDSON3/workspace/8-2-build-linux-amd64/jdk8u121/8372/hotspot/src/share/vm/prims/jvm.cpp, line 1390]
Event: 134,009 Thread 0x00007fd8fc010800 Exception <a 'java/security/PrivilegedActionException'> (0x00000000f259cdc0) thrown at [/HUDSON3/workspace/8-2-build-linux-amd64/jdk8u121/8372/hotspot/src/share/vm/prims/jvm.cpp, line 1390]

Events (10 events):
Event: 134,021 loading class javax/inject$Inject done
Event: 134,102 loading class javax/inject/Qualifier
Event: 134,102 loading class javax/inject/Qualifier done
Event: 134,103 loading class javax/inject$Qualifier
Event: 134,103 loading class javax/inject$Qualifier done
Event: 134,103 loading class javax/inject/Named
Event: 134,103 loading class javax/inject/Named done
Event: 134,104 loading class javax/inject$Named
Event: 134,104 loading class javax/inject$Named done
Event: 134,107 Executing VM operation: ParallelGCFailedAllocation


Dynamic libraries:
00400000-00401000 r-xp 00000000 08:15 1093373                            /usr/lib/jvm/java-8-oracle/bin/java
00600000-00601000 rw-p 00000000 08:15 1093373                            /usr/lib/jvm/java-8-oracle/bin/java
015a0000-015c1000 rw-p 00000000 00:00 0                                  [heap]
85000000-9d880000 rw-p 00000000 00:00 0 
a8600000-d7000000 ---p 00000000 00:00 0 
d7000000-100000000 rw-p 00000000 00:00 0 
100000000-1002ec000 rw-p 00000000 00:00 0 
1002ec000-140000000 ---p 00000000 00:00 0 
7fd8a4000000-7fd8a4021000 rw-p 00000000 00:00 0 
7fd8a4021000-7fd8a8000000 ---p 00000000 00:00 0 
7fd8ac000000-7fd8ac021000 rw-p 00000000 00:00 0 
7fd8ac021000-7fd8b0000000 ---p 00000000 00:00 0 
7fd8b26a0000-7fd8b2820000 rw-p 00000000 00:00 0 
7fd8b2820000-7fd8b28a0000 ---p 00000000 00:00 0 
7fd8b28a0000-7fd8b28b6000 r-xp 00000000 08:15 135873                     /lib/x86_64-linux-gnu/libgcc_s.so.1
7fd8b28b6000-7fd8b2ab5000 ---p 00016000 08:15 135873                     /lib/x86_64-linux-gnu/libgcc_s.so.1
7fd8b2ab5000-7fd8b2ab6000 rw-p 00015000 08:15 135873                     /lib/x86_64-linux-gnu/libgcc_s.so.1
7fd8b2ab6000-7fd8b2ae8000 r-xp 00000000 08:15 1093463                    /usr/lib/jvm/java-8-oracle/jre/lib/amd64/libsunec.so
7fd8b2ae8000-7fd8b2ce7000 ---p 00032000 08:15 1093463                    /usr/lib/jvm/java-8-oracle/jre/lib/amd64/libsunec.so
7fd8b2ce7000-7fd8b2ced000 rw-p 00031000 08:15 1093463                    /usr/lib/jvm/java-8-oracle/jre/lib/amd64/libsunec.so
7fd8b2ced000-7fd8b2efd000 rw-p 00000000 00:00 0 
7fd8b2efd000-7fd8b2f00000 ---p 00000000 00:00 0 
7fd8b2f00000-7fd8b31fe000 rw-p 00000000 00:00 0 
7fd8b31fe000-7fd8b33fe000 rw-p 00000000 00:00 0 
7fd8b33fe000-7fd8b35fe000 rw-p 00000000 00:00 0 
7fd8b35fe000-7fd8b37fe000 rw-p 00000000 00:00 0 
7fd8b37fe000-7fd8b39fe000 rw-p 00000000 00:00 0 
7fd8b39fe000-7fd8b3bfe000 rw-p 00000000 00:00 0 
7fd8b3bfe000-7fd8b3c01000 ---p 00000000 00:00 0 
7fd8b3c01000-7fd8b4000000 rw-p 00000000 00:00 0 
7fd8b4000000-7fd8b4021000 rw-p 00000000 00:00 0 
7fd8b4021000-7fd8b8000000 ---p 00000000 00:00 0 
7fd8b8000000-7fd8b8021000 rw-p 00000000 00:00 0 
7fd8b8021000-7fd8bc000000 ---p 00000000 00:00 0 
7fd8bc000000-7fd8be2f7000 rw-p 00000000 00:00 0 
7fd8be2f7000-7fd8c0000000 ---p 00000000 00:00 0 
7fd8c0000000-7fd8c1225000 rw-p 00000000 00:00 0 
7fd8c1225000-7fd8c4000000 ---p 00000000 00:00 0 
7fd8c4000000-7fd8c4021000 rw-p 00000000 00:00 0 
7fd8c4021000-7fd8c8000000 ---p 00000000 00:00 0 
7fd8c8000000-7fd8ca141000 rw-p 00000000 00:00 0 
7fd8ca141000-7fd8cc000000 ---p 00000000 00:00 0 
7fd8cc000000-7fd8cc021000 rw-p 00000000 00:00 0 
7fd8cc021000-7fd8d0000000 ---p 00000000 00:00 0 
7fd8d0000000-7fd8d0021000 rw-p 00000000 00:00 0 
7fd8d0021000-7fd8d4000000 ---p 00000000 00:00 0 
7fd8d4000000-7fd8d4702000 rw-p 00000000 00:00 0 
7fd8d4702000-7fd8d8000000 ---p 00000000 00:00 0 
7fd8d8000000-7fd8d8021000 rw-p 00000000 00:00 0 
7fd8d8021000-7fd8dc000000 ---p 00000000 00:00 0 
7fd8dc069000-7fd8dc07f000 r-xp 00000000 08:15 1093455                    /usr/lib/jvm/java-8-oracle/jre/lib/amd64/libnet.so
7fd8dc07f000-7fd8dc27f000 ---p 00016000 08:15 1093455                    /usr/lib/jvm/java-8-oracle/jre/lib/amd64/libnet.so
7fd8dc27f000-7fd8dc280000 rw-p 00016000 08:15 1093455                    /usr/lib/jvm/java-8-oracle/jre/lib/amd64/libnet.so
7fd8dc280000-7fd8e0000000 rw-p 00000000 00:00 0 
7fd8e0000000-7fd8e0021000 rw-p 00000000 00:00 0 
7fd8e0021000-7fd8e4000000 ---p 00000000 00:00 0 
7fd8e4000000-7fd8e4021000 rw-p 00000000 00:00 0 
7fd8e4021000-7fd8e8000000 ---p 00000000 00:00 0 
7fd8e8000000-7fd8e8021000 rw-p 00000000 00:00 0 
7fd8e8021000-7fd8ec000000 ---p 00000000 00:00 0 
7fd8ec012000-7fd8ec018000 r--s 0003f000 08:15 1093533                    /usr/lib/jvm/java-8-oracle/jre/lib/ext/sunjce_provider.jar
7fd8ec018000-7fd8ec01a000 r--s 00009000 08:15 1093532                    /usr/lib/jvm/java-8-oracle/jre/lib/ext/sunec.jar
7fd8ec01a000-7fd8ec01e000 r--s 0003a000 08:15 1093530                    /usr/lib/jvm/java-8-oracle/jre/lib/ext/sunpkcs11.jar
7fd8ec01e000-7fd8ec021000 r--s 0001a000 08:15 1093706                    /usr/lib/jvm/java-8-oracle/jre/lib/jce.jar
7fd8ec021000-7fd8ec025000 r--s 0009a000 08:15 1093399                    /usr/lib/jvm/java-8-oracle/jre/lib/jsse.jar
7fd8ec025000-7fd8ec038000 r--s 00345000 08:15 1093679                    /usr/lib/jvm/java-8-oracle/jre/lib/resources.jar
7fd8ec038000-7fd8ec03b000 r--s 0001a000 08:15 1089308                    /home/gawa/Workspace/eclipse/libraries/EclipseLink 2.5.2/eclipselink/jlib/moxy/javax.xml.bind_2.2.0.v201105210648.jar
7fd8ec03b000-7fd8ec03d000 r--s 00008000 08:15 1089305                    /home/gawa/Workspace/eclipse/libraries/EclipseLink 2.5.2/eclipselink/jlib/moxy/javax.xml.stream_1.0.1.v201004272200.jar
7fd8ec03d000-7fd8ec04f000 r--s 000c8000 08:15 1089307                    /home/gawa/Workspace/eclipse/libraries/EclipseLink 2.5.2/eclipselink/jlib/moxy/com.sun.xml.bind_2.2.0.v201004141950.jar
7fd8ec04f000-7fd8ec056000 r--s 00048000 08:15 1089304                    /home/gawa/Workspace/eclipse/libraries/EclipseLink 2.5.2/eclipselink/jlib/moxy/javax.mail_1.4.0.v201005080615.jar
7fd8ec056000-7fd8ec058000 r--s 0000c000 08:15 1089302                    /home/gawa/Workspace/eclipse/libraries/EclipseLink 2.5.2/eclipselink/jlib/moxy/javax.activation_1.1.0.v201108011116.jar
7fd8ec058000-7fd8ec093000 r--s 002bb000 08:15 1089306                    /home/gawa/Workspace/eclipse/libraries/EclipseLink 2.5.2/eclipselink/jlib/moxy/com.sun.tools.xjc_2.2.0.jar
7fd8ec093000-7fd8ec10f000 r--s 007c0000 08:15 1089287                    /home/gawa/Workspace/eclipse/libraries/EclipseLink 2.5.2/eclipselink/jlib/eclipselink.jar
7fd8ec10f000-7fd8ec115000 r--s 00022000 08:15 1089295                    /home/gawa/Workspace/eclipse/libraries/EclipseLink 2.5.2/eclipselink/jlib/jpa/javax.persistence_2.1.0.v201304241213.jar
7fd8ec115000-7fd8ec116000 r--s 00003000 08:15 1089300                    /home/gawa/Workspace/eclipse/libraries/EclipseLink 2.5.2/eclipselink/jlib/jpa/org.eclipse.persistence.jpars_2.5.2.v20140319-9ad6abd.jar
7fd8ec116000-7fd8ec118000 r--s 0000a000 08:15 1089293                    /home/gawa/Workspace/eclipse/libraries/EclipseLink 2.5.2/eclipselink/jlib/jpa/org.eclipse.persistence.jpa.modelgen_2.5.2.v20140319-9ad6abd.jar
7fd8ec118000-7fd8ec12f000 r--s 001b7000 08:15 535535                     /opt/tomcat/lib/mysql-connector-java-6.0.5.jar
7fd8ec12f000-7fd8ec131000 r--s 00003000 08:15 538508                     /opt/tomcat/lib/annotations-api.jar
7fd8ec131000-7fd8ec133000 r--s 00012000 08:15 538515                     /opt/tomcat/lib/el-api.jar
7fd8ec133000-7fd8ec13a000 r--s 00089000 08:15 538517                     /opt/tomcat/lib/jasper.jar
7fd8ec13a000-7fd8ec13c000 r--s 00008000 08:15 538525                     /opt/tomcat/lib/tomcat-i18n-fr.jar
7fd8ec13c000-7fd8ec13e000 r--s 00007000 08:15 538532                     /opt/tomcat/lib/websocket-api.jar
7fd8ec13e000-7fd8ec143000 r--s 0002f000 08:15 538531                     /opt/tomcat/lib/tomcat-websocket.jar
7fd8ec143000-7fd8ec146000 r--s 0000e000 08:15 538524                     /opt/tomcat/lib/tomcat-i18n-es.jar
7fd8ec146000-7fd8ec159000 r--s 00236000 08:15 538514                     /opt/tomcat/lib/ecj-4.5.1.jar
7fd8ec159000-7fd8ec15c000 r--s 0000d000 08:15 538519                     /opt/tomcat/lib/jsp-api.jar
7fd8ec15c000-7fd8ec15e000 r--s 00005000 08:15 538518                     /opt/tomcat/lib/jaspic-api.jar
7fd8ec15e000-7fd8ec169000 r--s 000b0000 08:15 538522                     /opt/tomcat/lib/tomcat-coyote.jar
7fd8ec169000-7fd8ec17c000 r--s 00172000 08:15 538513                     /opt/tomcat/lib/catalina.jar
7fd8ec17c000-7fd8ec17e000 r--s 00011000 08:15 538511                     /opt/tomcat/lib/catalina-storeconfig.jar
7fd8ec17e000-7fd8ec181000 r--s 00020000 08:15 538527                     /opt/tomcat/lib/tomcat-jdbc.jar
7fd8ec181000-7fd8ec183000 r--s 0001b000 08:15 538510                     /opt/tomcat/lib/catalina-ha.jar
7fd8ec183000-7fd8ec188000 r--s 0002d000 08:15 538529                     /opt/tomcat/lib/tomcat-util-scan.jar
7fd8ec188000-7fd8ec189000 r--s 0000c000 08:15 538509                     /opt/tomcat/lib/catalina-ant.jar
7fd8ec189000-7fd8ec18d000 r--s 0003a000 08:15 538523                     /opt/tomcat/lib/tomcat-dbcp.jar
7fd8ec18d000-7fd8ec18f000 r--s 00009000 08:15 538526                     /opt/tomcat/lib/tomcat-i18n-ja.jar
7fd8ec18f000-7fd8ec190000 r--s 00002000 08:15 538521                     /opt/tomcat/lib/tomcat-api.jar
7fd8ec190000-7fd8ec193000 r--s 0001d000 08:15 538530                     /opt/tomcat/lib/tomcat-util.jar
7fd8ec193000-7fd8ec197000 r--s 00038000 08:15 538520                     /opt/tomcat/lib/servlet-api.jar
7fd8ec197000-7fd8ec19c000 r--s 0003d000 08:15 538512                     /opt/tomcat/lib/catalina-tribes.jar
7fd8ec19c000-7fd8ec19e000 r--s 00007000 08:15 538528                     /opt/tomcat/lib/tomcat-jni.jar
7fd8ec19e000-7fd8ec1a1000 r--s 00025000 08:15 538516                     /opt/tomcat/lib/jasper-el.jar
7fd8ec1a1000-7fd8ec1a3000 r--s 00004000 08:15 396027                     /home/gawa/.gradle/caches/modules-2/files-2.1/javax.xml.stream/stax-api/1.0-2/d6337b0de8b25e53e81b922352fbea9f9f57ba0b/stax-api-1.0-2.jar
7fd8ec1a3000-7fd8ec1a5000 r--s 00009000 08:15 396026                     /home/gawa/.gradle/caches/modules-2/files-2.1/org.hamcrest/hamcrest-core/1.3/42a25dc3219429f0e5d060061f71acb49bf010a0/hamcrest-core-1.3.jar
7fd8ec1a5000-7fd8ec1ab000 r--s 00033000 08:15 396025                     /home/gawa/.gradle/caches/modules-2/files-2.1/jaxen/jaxen/1.1.6/3f8c36d9a0578e8e98f030c662b69888b1430ac0/jaxen-1.1.6.jar
7fd8ec1ab000-7fd8ec1c9000 r--s 0013c000 08:15 396024                     /home/gawa/.gradle/caches/modules-2/files-2.1/org.eclipse.persistence/org.eclipse.persistence.jpa.jpql/2.6.3/d439450b539c7ada8dacb77fe6f7a4e3686e5a2/org.eclipse.persistence.jpa.jpql-2.6.3.jar
7fd8ec1c9000-7fd8ec1ce000 r--s 0002a000 08:15 396023                     /home/gawa/.gradle/caches/modules-2/files-2.1/org.eclipse.persistence/org.eclipse.persistence.antlr/2.6.3/2a128d8c4d81bce1b55e2460aaaced209d3bb291/org.eclipse.persistence.antlr-2.6.3.jar
7fd8ec1ce000-7fd8ec1d5000 r--s 00049000 08:15 396022                     /home/gawa/.gradle/caches/modules-2/files-2.1/org.eclipse.persistence/org.eclipse.persistence.asm/2.6.3/1b782599e04e3a939ca5cb3384e06452d467a28/org.eclipse.persistence.asm-2.6.3.jar
7fd8ec1d5000-7fd8ec1d7000 r--s 0000c000 08:15 396021                     /home/gawa/.gradle/caches/modules-2/files-2.1/org.ow2.asm/asm/5.0.4/da08b8cce7bbf903602a25a3a163ae252435795/asm-5.0.4.jar
7fd8ec1d7000-7fd8ec1d9000 r--s 00013000 08:15 396020                     /home/gawa/.gradle/caches/modules-2/files-2.1/xml-resolver/xml-resolver/1.2/3d0f97750b3a03e0971831566067754ba4bfd68c/xml-resolver-1.2.jar
7fd8ec1d9000-7fd8ec1db000 r--s 00005000 08:15 396019                     /home/gawa/.gradle/caches/modules-2/files-2.1/javax.annotation/javax.annotation-api/1.2/479c1e06db31c432330183f5cae684163f186146/javax.annotation-api-1.2.jar
7fd8ec1db000-7fd8ec1e1000 r--s 00038000 08:15 396018                     /home/gawa/.gradle/caches/modules-2/files-2.1/com.sun.xml.bind/jaxb-core/2.2.11/c3f87d654f8d5943cd08592f3f758856544d279a/jaxb-core-2.2.11.jar
7fd8ec1e1000-7fd8ec1f3000 r--s 000ee000 08:15 396017                     /home/gawa/.gradle/caches/modules-2/files-2.1/com.sun.xml.bind/jaxb-impl/2.2.11/a49ce57aee680f9435f49ba6ef427d38c93247a6/jaxb-impl-2.2.11.jar
7fd8ec1f3000-7fd8ec201000 r--s 0007f000 08:15 396016                     /home/gawa/.gradle/caches/modules-2/files-2.1/commons-collections/commons-collections/3.2.1/761ea405b9b37ced573d2df0d1e3a4e0f9edc668/commons-collections-3.2.1.jar
7fd8ec201000-7fd8ec207000 r--s 00045000 08:15 396015                     /home/gawa/.gradle/caches/modules-2/files-2.1/org.hamcrest/hamcrest-all/1.3/63a21ebc981131004ad02e0434e799fd7f3a8d5a/hamcrest-all-1.3.jar
7fd8ec207000-7fd8ec225000 r--s 00110000 08:15 396014                     /home/gawa/.gradle/caches/modules-2/files-2.1/org.mockito/mockito-all/1.10.19/539df70269cc254a58cccc5d8e43286b4a73bf30/mockito-all-1.10.19.jar
7fd8ec225000-7fd8ec22d000 r--s 00045000 08:15 396013                     /home/gawa/.gradle/caches/modules-2/files-2.1/junit/junit/4.12/2973d150c0dc1fefe998f834810d68f278ea58ec/junit-4.12.jar
7fd8ec22d000-7fd8ec231000 r--s 0002a000 08:15 396012                     /home/gawa/.gradle/caches/modules-2/files-2.1/wsdl4j/wsdl4j/1.6.3/6d106a6845a3d3477a1560008479312888e94f2f/wsdl4j-1.6.3.jar
7fd8ec231000-7fd8ec234000 r--s 00012000 08:15 396011                     /home/gawa/.gradle/caches/modules-2/files-2.1/org.glassfish/javax.json/1.0.4/3178f73569fd7a1e5ffc464e680f7a8cc784b85a/javax.json-1.0.4.jar
7fd8ec234000-7fd8ec239000 r--s 00048000 08:15 396010                     /home/gawa/.gradle/caches/modules-2/files-2.1/org.dom4j/dom4j/2.0.0/611a5a9bc92c5088b4565c3545fbeab803458d12/dom4j-2.0.0.jar
7fd8ec239000-7fd8ec23f000 r--s 00071000 08:15 396009                     /home/gawa/.gradle/caches/modules-2/files-2.1/org.codehaus.woodstox/woodstox-core-asl/4.4.1/84fee5eb1a4a1cefe65b6883c73b3fa83be3c1a1/woodstox-core-asl-4.4.1.jar
7fd8ec23f000-7fd8ec243000 r--s 00024000 08:15 396008                     /home/gawa/.gradle/caches/modules-2/files-2.1/org.codehaus.woodstox/stax2-api/3.1.4/ac19014b1e6a7c08aad07fe114af792676b685b7/stax2-api-3.1.4.jar
7fd8ec243000-7fd8ec24c000 r--s 0006f000 08:15 396007                     /home/gawa/.gradle/caches/modules-2/files-2.1/log4j/log4j/1.2.17/5af35056b4d257e4b64b9e8069c0746e8b08629f/log4j-1.2.17.jar
7fd8ec24c000-7fd8ec24e000 r--s 00001000 08:15 396006                     /home/gawa/.gradle/caches/modules-2/files-2.1/org.slf4j/slf4j-log4j12/1.7.12/485f77901840cf4e8bf852f2abb9b723eb8ec29/slf4j-log4j12-1.7.12.jar
7fd8ec24e000-7fd8ec24f000 r--s 00007000 08:15 396005                     /home/gawa/.gradle/caches/modules-2/files-2.1/org.slf4j/slf4j-api/1.7.12/8e20852d05222dc286bf1c71d78d0531e177c317/slf4j-api-1.7.12.jar
7fd8ec24f000-7fd8ec260000 r--s 000ab000 08:15 396004                     /home/gawa/.gradle/caches/modules-2/files-2.1/org.springframework/spring-web/4.2.2.RELEASE/1e5dc84520538d166c8b7a7186b9cf4e8f265694/spring-web-4.2.2.RELEASE.jar
7fd8ec260000-7fd8ec267000 r--s 0003a000 08:15 396003                     /home/gawa/.gradle/caches/modules-2/files-2.1/org.springframework/spring-tx/4.2.2.RELEASE/bc04eea145c8d7099b997c1436afcfc8b9bddf6b/spring-tx-4.2.2.RELEASE.jar
7fd8ec267000-7fd8ec275000 r--s 0007c000 08:15 396002                     /home/gawa/.gradle/caches/modules-2/files-2.1/org.springframework/spring-test/4.2.2.RELEASE/39330e8e825ea9fd789684b8667248e31ccc2163/spring-test-4.2.2.RELEASE.jar
7fd8ec275000-7fd8ec280000 r--s 0004d000 08:15 396001                     /home/gawa/.gradle/caches/modules-2/files-2.1/org.springframework.security/spring-security-core/4.0.2.RELEASE/10684511bee0456c5c111bb16b2dee138d33d2d6/spring-security-core-4.0.2.RELEASE.jar
7fd8ec280000-7fd8ec28a000 r--s 00068000 08:15 396000                     /home/gawa/.gradle/caches/modules-2/files-2.1/org.springframework/spring-orm/4.2.2.RELEASE/1ae9744e4c32618fdb007c65a804eaaf6eaa0a05/spring-orm-4.2.2.RELEASE.jar
7fd8ec28a000-7fd8ec294000 r--s 0005e000 08:15 395999                     /home/gawa/.gradle/caches/modules-2/files-2.1/org.springframework/spring-jdbc/4.2.2.RELEASE/f77a7f5b7e3147958350d86331d3e7bea459306b/spring-jdbc-4.2.2.RELEASE.jar
7fd8ec294000-7fd8ec299000 r--s 0003c000 08:15 395998                     /home/gawa/.gradle/caches/modules-2/files-2.1/org.springframework/spring-expression/4.2.2.RELEASE/966ab265ede093a8cd24a09f32cf7ad96a24dc71/spring-expression-4.2.2.RELEASE.jar
7fd8ec299000-7fd8ec2ae000 r--s 000f0000 08:15 395997                     /home/gawa/.gradle/caches/modules-2/files-2.1/org.springframework/spring-core/4.2.2.RELEASE/963d6c9d0b546b6313fb51618ed5c080e8981ddc/spring-core-4.2.2.RELEASE.jar
7fd8ec2ae000-7fd8ec2c7000 r--s 000f1000 08:15 395996                     /home/gawa/.gradle/caches/modules-2/files-2.1/org.springframework/spring-context/4.2.2.RELEASE/f384619756dc640498cfbb955352ca9546c4630d/spring-context-4.2.2.RELEASE.jar
7fd8ec2c7000-7fd8ec2d5000 r--s 000a5000 08:15 395995                     /home/gawa/.gradle/caches/modules-2/files-2.1/org.springframework/spring-beans/4.2.2.RELEASE/c0384c9b077c02ce34234ba258a5161c30ac6895/spring-beans-4.2.2.RELEASE.jar
7fd8ec2d5000-7fd8ec2de000 r--s 00051000 08:15 395994                     /home/gawa/.gradle/caches/modules-2/files-2.1/org.springframework/spring-aop/4.2.2.RELEASE/b8d352f994790af6b54a5028255232316b74ca20/spring-aop-4.2.2.RELEASE.jar
7fd8ec2de000-7fd8ec2e1000 r--s 00015000 08:15 395993                     /home/gawa/.gradle/caches/modules-2/files-2.1/javax.servlet/javax.servlet-api/3.1.0/3cd63d075497751784b2fa84be59432f4905bf7c/javax.servlet-api-3.1.0.jar
7fd8ec2e1000-7fd8ec2e5000 r--s 0000c000 08:15 395992                     /home/gawa/.gradle/caches/modules-2/files-2.1/javax.validation/validation-api/1.1.0.Final/8613ae82954779d518631e05daa73a6a954817d5/validation-api-1.1.0.Final.jar
7fd8ec2e5000-7fd8ec2e9000 r--s 0002e000 08:15 395991                     /home/gawa/.gradle/caches/modules-2/files-2.1/javax.mail/javax.mail-api/1.5.5/c21af4475b2873b39b0d7b5d08cf4a7547eb37f8/javax.mail-api-1.5.5.jar
7fd8ec2e9000-7fd8ec2ea000 r--s 00004000 08:15 395990                     /home/gawa/.gradle/caches/modules-2/files-2.1/javax.json/javax.json-api/1.0/a74939ecbf7294b40accb4048929577f5ddcee2/javax.json-api-1.0.jar
7fd8ec2ea000-7fd8ec2ec000 r--s 0000a000 08:15 395989                     /home/gawa/.gradle/caches/modules-2/files-2.1/javax.ws.rs/jsr311-api/1.1.1/59033da2a1afd56af1ac576750a8d0b1830d59e6/jsr311-api-1.1.1.jar
7fd8ec2ec000-7fd8ec2f0000 r--s 00019000 08:15 395988                     /home/gawa/.gradle/caches/modules-2/files-2.1/javax.ws.rs/javax.ws.rs-api/2.0.1/104e9c2b5583cfcfeac0402316221648d6d8ea6b/javax.ws.rs-api-2.0.1.jar
7fd8ec2f0000-7fd8ec2f2000 r--s 00007000 08:15 395987                     /home/gawa/.gradle/caches/modules-2/files-2.1/com.fasterxml.jackson.module/jackson-module-jaxb-annotations/2.7.0/797bfd1b8f5b5133b9e2112df20911a22a325d9c/jackson-module-jaxb-annotations-2.7.0.jar
7fd8ec2f2000-7fd8ec2f4000 r--s 00003000 08:15 395986                     /home/gawa/.gradle/caches/modules-2/files-2.1/com.fasterxml.jackson.jaxrs/jackson-jaxrs-json-provider/2.7.0/3a37be4e7b3ba5ad0a36b82a6d5571679b49cc18/jackson-jaxrs-json-provider-2.7.0.jar
7fd8ec2f4000-7fd8ec2f6000 r--s 00006000 08:15 395985                     /home/gawa/.gradle/caches/modules-2/files-2.1/com.fasterxml.jackson.jaxrs/jackson-jaxrs-base/2.7.0/120e5f628ca8e8e4d49cb0211b4a744cc53f8334/jackson-jaxrs-base-2.7.0.jar
7fd8ec2f6000-7fd8ec307000 r--s 00114000 08:15 395984                     /home/gawa/.gradle/caches/modules-2/files-2.1/com.fasterxml.jackson.core/jackson-databind/2.7.0/7d3430de9f2b600b074ba3bc007edcfbc4bbf4fb/jackson-databind-2.7.0.jar
7fd8ec307000-7fd8ec30b000 r--s 0003a000 08:15 395983                     /home/gawa/.gradle/caches/modules-2/files-2.1/com.fasterxml.jackson.core/jackson-core/2.7.0/5f2bfd0866bcacbcc7c25ce25f80b5aeed0f72f/jackson-core-2.7.0.jar
7fd8ec30b000-7fd8ec30e000 r--s 0000a000 08:15 395982                     /home/gawa/.gradle/caches/modules-2/files-2.1/com.fasterxml.jackson.core/jackson-annotations/2.7.0/19f42c154ffc689f40a77613bc32caeb17d744e3/jackson-annotations-2.7.0.jar
7fd8ec30e000-7fd8ec314000 r--s 00022000 08:15 395980                     /home/gawa/.gradle/caches/modules-2/files-2.1/org.eclipse.persistence/javax.persistence/2.1.1/4954fdf995d5083a1bdbf171ea3b240b88c85bac/javax.persistence-2.1.1.jar
7fd8ec314000-7fd8ec32c000 r--s 0014c000 08:15 395979                     /home/gawa/.gradle/caches/modules-2/files-2.1/org.eclipse.persistence/org.eclipse.persistence.jpa/2.6.3/6ad29d3a30b18c27afa3204c8b9f060b74d4d5df/org.eclipse.persistence.jpa-2.6.3.jar
7fd8ec32c000-7fd8ec36c000 r--s 004da000 08:15 395978                     /home/gawa/.gradle/caches/modules-2/files-2.1/org.eclipse.persistence/org.eclipse.persistence.core/2.6.3/83715ca7a8ff01c9a1ba5f1f4218d32dc08623cc/org.eclipse.persistence.core-2.6.3.jar
7fd8ec36c000-7fd8ec3ef000 r--s 00825000 08:15 395977                     /home/gawa/.gradle/caches/modules-2/files-2.1/org.eclipse.persistence/eclipselink/2.6.3/7c8ca22df28ccd67cca0968b6228991b8ec1526c/eclipselink-2.6.3.jar
7fd8ec3ef000-7fd8ec3f0000 ---p 00000000 00:00 0 
7fd8ec3f0000-7fd8ec4f0000 rw-p 00000000 00:00 0 
7fd8ec4f0000-7fd8ec4f3000 ---p 00000000 00:00 0 
7fd8ec4f3000-7fd8ec5f1000 rw-p 00000000 00:00 0 
7fd8ec5f1000-7fd8ec5f4000 ---p 00000000 00:00 0 
7fd8ec5f4000-7fd8ec6f2000 rw-p 00000000 00:00 0 
7fd8ec6f2000-7fd8ec6f5000 ---p 00000000 00:00 0 
7fd8ec6f5000-7fd8ec7f3000 rw-p 00000000 00:00 0 
7fd8ec7f3000-7fd8ec7f6000 ---p 00000000 00:00 0 
7fd8ec7f6000-7fd8ec8f4000 rw-p 00000000 00:00 0 
7fd8ec8f4000-7fd8ec8f7000 ---p 00000000 00:00 0 
7fd8ec8f7000-7fd8ec9f5000 rw-p 00000000 00:00 0 
7fd8ec9f5000-7fd8ecdfe000 r--p 00000000 08:15 915957                     /usr/lib/locale/locale-archive
7fd8ecdfe000-7fd8ece01000 ---p 00000000 00:00 0 
7fd8ece01000-7fd8eceff000 rw-p 00000000 00:00 0 
7fd8eceff000-7fd8ecf02000 ---p 00000000 00:00 0 
7fd8ecf02000-7fd8ed000000 rw-p 00000000 00:00 0 
7fd8ed000000-7fd8ee510000 rwxp 00000000 00:00 0 
7fd8ee510000-7fd8fc000000 ---p 00000000 00:00 0 
7fd8fc000000-7fd8fcde2000 rw-p 00000000 00:00 0 
7fd8fcde2000-7fd900000000 ---p 00000000 00:00 0 
7fd900000000-7fd900002000 r--s 00004000 08:15 395981                     /home/gawa/.gradle/caches/modules-2/files-2.1/org.eclipse.persistence/commonj.sdo/2.1.1/90d4c89ce0a69f58619f1a247bbf420122139ff5/commonj.sdo-2.1.1.jar
7fd900002000-7fd900006000 r--s 00026000 08:15 395976                     /home/gawa/.gradle/caches/modules-2/files-2.1/org.apache.ws.xmlschema/xmlschema-core/2.2.1/2eff1f3776590d4c51cc735eab2143c497329f2/xmlschema-core-2.2.1.jar
7fd900006000-7fd900008000 r--s 00010000 08:15 395975                     /home/gawa/.gradle/caches/modules-2/files-2.1/org.apache.neethi/neethi/3.0.3/ee37a38bbf9f355ee88ba554a85c9220b75ba500/neethi-3.0.3.jar
7fd900008000-7fd90000b000 r--s 00028000 08:15 395974                     /home/gawa/.gradle/caches/modules-2/files-2.1/org.apache.cxf/cxf-rt-wsdl/3.1.3/6416695870292b4275c5f90438785cdb42073970/cxf-rt-wsdl-3.1.3.jar
7fd90000b000-7fd900010000 r--s 00030000 08:15 395973                     /home/gawa/.gradle/caches/modules-2/files-2.1/org.apache.cxf/cxf-rt-ws-policy/3.1.3/4dbde9abfb4f83b382bc380f60eaed8575a81a36/cxf-rt-ws-policy-3.1.3.jar
7fd900010000-7fd900012000 r--s 00011000 08:15 395972                     /home/gawa/.gradle/caches/modules-2/files-2.1/org.apache.cxf/cxf-rt-ws-addr/3.1.3/6bd2835b005e59debc7344a1a0ec2f5f984ce564/cxf-rt-ws-addr-3.1.3.jar
7fd900012000-7fd900017000 r--s 0004d000 08:15 395971                     /home/gawa/.gradle/caches/modules-2/files-2.1/org.apache.cxf/cxf-rt-transports-http/3.1.3/159c28538a835d4c648b0bff25fa44af6029a802/cxf-rt-transports-http-3.1.3.jar
7fd900017000-7fd90001a000 r--s 00023000 08:15 395970                     /home/gawa/.gradle/caches/modules-2/files-2.1/org.apache.cxf/cxf-rt-rs-client/3.1.3/a5b4618b427831fd593b5b12a661f073071d1175/cxf-rt-rs-client-3.1.3.jar
7fd90001a000-7fd90001c000 r--s 00017000 08:15 395969                     /home/gawa/.gradle/caches/modules-2/files-2.1/org.apache.cxf/cxf-rt-frontend-simple/3.1.3/43dab1fc655f34b9ec630ee77236c09254d7c588/cxf-rt-frontend-simple-3.1.3.jar
7fd90001c000-7fd900021000 r--s 0004f000 08:15 395968                     /home/gawa/.gradle/caches/modules-2/files-2.1/org.apache.cxf/cxf-rt-frontend-jaxws/3.1.3/e24be40f5b488df793d88f34771ca8e2208d99e3/cxf-rt-frontend-jaxws-3.1.3.jar
7fd900021000-7fd900029000 r--s 0008c000 08:15 395967                     /home/gawa/.gradle/caches/modules-2/files-2.1/org.apache.cxf/cxf-rt-frontend-jaxrs/3.1.3/33d72092d04c9ad30d159f0d00aa3dacfc460a7e/cxf-rt-frontend-jaxrs-3.1.3.jar
7fd900029000-7fd90002b000 r--s 00018000 08:15 395966                     /home/gawa/.gradle/caches/modules-2/files-2.1/org.apache.cxf/cxf-rt-databinding-jaxb/3.1.3/369dc92a8b91cd2449b755dddd75a35f1b59d802/cxf-rt-databinding-jaxb-3.1.3.jar
7fd90002b000-7fd90002f000 r--s 00028000 08:15 395964                     /home/gawa/.gradle/caches/modules-2/files-2.1/org.apache.cxf/cxf-rt-bindings-soap/3.1.3/61a6f843d8a6782312ef48b3939e0325c9fa424c/cxf-rt-bindings-soap-3.1.3.jar
7fd90002f000-7fd900047000 r--s 00131000 08:15 395963                     /home/gawa/.gradle/caches/modules-2/files-2.1/org.apache.cxf/cxf-core/3.1.3/dc1e652736d770dc34dcacbac2279055e7fce000/cxf-core-3.1.3.jar
7fd900047000-7fd900060000 r--s 001af000 08:15 395955                     /home/gawa/.gradle/caches/modules-2/files-2.1/org.aspectj/aspectjweaver/1.8.9/db28774f477f07220eac18d5ec9c4e01f48589d7/aspectjweaver-1.8.9.jar
7fd900060000-7fd900061000 ---p 00000000 00:00 0 
7fd900061000-7fd901143000 rw-p 00000000 00:00 0 
7fd901143000-7fd90131c000 r--s 03d3e000 08:15 1093447                    /usr/lib/jvm/java-8-oracle/jre/lib/rt.jar
7fd90131c000-7fd901f6a000 rw-p 00000000 00:00 0 
7fd901f6a000-7fd901f6b000 ---p 00000000 00:00 0 
7fd901f6b000-7fd90206b000 rw-p 00000000 00:00 0 
7fd90206b000-7fd90206c000 ---p 00000000 00:00 0 
7fd90206c000-7fd90216c000 rw-p 00000000 00:00 0 
7fd90216c000-7fd90216d000 ---p 00000000 00:00 0 
7fd90216d000-7fd90226d000 rw-p 00000000 00:00 0 
7fd90226d000-7fd90226e000 ---p 00000000 00:00 0 
7fd90226e000-7fd902433000 rw-p 00000000 00:00 0 
7fd902433000-7fd9025fe000 ---p 00000000 00:00 0 
7fd9025fe000-7fd9026c3000 rw-p 00000000 00:00 0 
7fd9026c3000-7fd90288e000 ---p 00000000 00:00 0 
7fd90288e000-7fd9029d6000 rw-p 00000000 00:00 0 
7fd9029d6000-7fd902a2c000 rw-p 00000000 00:00 0 
7fd902a2c000-7fd902d97000 ---p 00000000 00:00 0 
7fd902d97000-7fd902db1000 r-xp 00000000 08:15 1093478                    /usr/lib/jvm/java-8-oracle/jre/lib/amd64/libzip.so
7fd902db1000-7fd902fb1000 ---p 0001a000 08:15 1093478                    /usr/lib/jvm/java-8-oracle/jre/lib/amd64/libzip.so
7fd902fb1000-7fd902fb2000 rw-p 0001a000 08:15 1093478                    /usr/lib/jvm/java-8-oracle/jre/lib/amd64/libzip.so
7fd902fb2000-7fd902fbd000 r-xp 00000000 08:15 163850                     /lib/x86_64-linux-gnu/libnss_files-2.23.so
7fd902fbd000-7fd9031bc000 ---p 0000b000 08:15 163850                     /lib/x86_64-linux-gnu/libnss_files-2.23.so
7fd9031bc000-7fd9031bd000 r--p 0000a000 08:15 163850                     /lib/x86_64-linux-gnu/libnss_files-2.23.so
7fd9031bd000-7fd9031be000 rw-p 0000b000 08:15 163850                     /lib/x86_64-linux-gnu/libnss_files-2.23.so
7fd9031be000-7fd9031c4000 rw-p 00000000 00:00 0 
7fd9031c4000-7fd9031cf000 r-xp 00000000 08:15 163835                     /lib/x86_64-linux-gnu/libnss_nis-2.23.so
7fd9031cf000-7fd9033ce000 ---p 0000b000 08:15 163835                     /lib/x86_64-linux-gnu/libnss_nis-2.23.so
7fd9033ce000-7fd9033cf000 r--p 0000a000 08:15 163835                     /lib/x86_64-linux-gnu/libnss_nis-2.23.so
7fd9033cf000-7fd9033d0000 rw-p 0000b000 08:15 163835                     /lib/x86_64-linux-gnu/libnss_nis-2.23.so
7fd9033d0000-7fd9033e6000 r-xp 00000000 08:15 163846                     /lib/x86_64-linux-gnu/libnsl-2.23.so
7fd9033e6000-7fd9035e5000 ---p 00016000 08:15 163846                     /lib/x86_64-linux-gnu/libnsl-2.23.so
7fd9035e5000-7fd9035e6000 r--p 00015000 08:15 163846                     /lib/x86_64-linux-gnu/libnsl-2.23.so
7fd9035e6000-7fd9035e7000 rw-p 00016000 08:15 163846                     /lib/x86_64-linux-gnu/libnsl-2.23.so
7fd9035e7000-7fd9035e9000 rw-p 00000000 00:00 0 
7fd9035e9000-7fd9035f1000 r-xp 00000000 08:15 163847                     /lib/x86_64-linux-gnu/libnss_compat-2.23.so
7fd9035f1000-7fd9037f0000 ---p 00008000 08:15 163847                     /lib/x86_64-linux-gnu/libnss_compat-2.23.so
7fd9037f0000-7fd9037f1000 r--p 00007000 08:15 163847                     /lib/x86_64-linux-gnu/libnss_compat-2.23.so
7fd9037f1000-7fd9037f2000 rw-p 00008000 08:15 163847                     /lib/x86_64-linux-gnu/libnss_compat-2.23.so
7fd9037f2000-7fd90381d000 r-xp 00000000 08:15 1093505                    /usr/lib/jvm/java-8-oracle/jre/lib/amd64/libjava.so
7fd90381d000-7fd903a1c000 ---p 0002b000 08:15 1093505                    /usr/lib/jvm/java-8-oracle/jre/lib/amd64/libjava.so
7fd903a1c000-7fd903a1e000 rw-p 0002a000 08:15 1093505                    /usr/lib/jvm/java-8-oracle/jre/lib/amd64/libjava.so
7fd903a1e000-7fd903a2b000 r-xp 00000000 08:15 1093456                    /usr/lib/jvm/java-8-oracle/jre/lib/amd64/libverify.so
7fd903a2b000-7fd903c2a000 ---p 0000d000 08:15 1093456                    /usr/lib/jvm/java-8-oracle/jre/lib/amd64/libverify.so
7fd903c2a000-7fd903c2c000 rw-p 0000c000 08:15 1093456                    /usr/lib/jvm/java-8-oracle/jre/lib/amd64/libverify.so
7fd903c2c000-7fd903c33000 r-xp 00000000 08:15 163834                     /lib/x86_64-linux-gnu/librt-2.23.so
7fd903c33000-7fd903e32000 ---p 00007000 08:15 163834                     /lib/x86_64-linux-gnu/librt-2.23.so
7fd903e32000-7fd903e33000 r--p 00006000 08:15 163834                     /lib/x86_64-linux-gnu/librt-2.23.so
7fd903e33000-7fd903e34000 rw-p 00007000 08:15 163834                     /lib/x86_64-linux-gnu/librt-2.23.so
7fd903e34000-7fd903f3c000 r-xp 00000000 08:15 163844                     /lib/x86_64-linux-gnu/libm-2.23.so
7fd903f3c000-7fd90413b000 ---p 00108000 08:15 163844                     /lib/x86_64-linux-gnu/libm-2.23.so
7fd90413b000-7fd90413c000 r--p 00107000 08:15 163844                     /lib/x86_64-linux-gnu/libm-2.23.so
7fd90413c000-7fd90413d000 rw-p 00108000 08:15 163844                     /lib/x86_64-linux-gnu/libm-2.23.so
7fd90413d000-7fd904e0b000 r-xp 00000000 08:15 1093509                    /usr/lib/jvm/java-8-oracle/jre/lib/amd64/server/libjvm.so
7fd904e0b000-7fd90500b000 ---p 00cce000 08:15 1093509                    /usr/lib/jvm/java-8-oracle/jre/lib/amd64/server/libjvm.so
7fd90500b000-7fd9050e4000 rw-p 00cce000 08:15 1093509                    /usr/lib/jvm/java-8-oracle/jre/lib/amd64/server/libjvm.so
7fd9050e4000-7fd90512f000 rw-p 00000000 00:00 0 
7fd90512f000-7fd9052ee000 r-xp 00000000 08:15 163839                     /lib/x86_64-linux-gnu/libc-2.23.so
7fd9052ee000-7fd9054ee000 ---p 001bf000 08:15 163839                     /lib/x86_64-linux-gnu/libc-2.23.so
7fd9054ee000-7fd9054f2000 r--p 001bf000 08:15 163839                     /lib/x86_64-linux-gnu/libc-2.23.so
7fd9054f2000-7fd9054f4000 rw-p 001c3000 08:15 163839                     /lib/x86_64-linux-gnu/libc-2.23.so
7fd9054f4000-7fd9054f8000 rw-p 00000000 00:00 0 
7fd9054f8000-7fd9054fb000 r-xp 00000000 08:15 163838                     /lib/x86_64-linux-gnu/libdl-2.23.so
7fd9054fb000-7fd9056fa000 ---p 00003000 08:15 163838                     /lib/x86_64-linux-gnu/libdl-2.23.so
7fd9056fa000-7fd9056fb000 r--p 00002000 08:15 163838                     /lib/x86_64-linux-gnu/libdl-2.23.so
7fd9056fb000-7fd9056fc000 rw-p 00003000 08:15 163838                     /lib/x86_64-linux-gnu/libdl-2.23.so
7fd9056fc000-7fd905711000 r-xp 00000000 08:15 920414                     /usr/lib/jvm/java-8-oracle/lib/amd64/jli/libjli.so
7fd905711000-7fd905911000 ---p 00015000 08:15 920414                     /usr/lib/jvm/java-8-oracle/lib/amd64/jli/libjli.so
7fd905911000-7fd905912000 rw-p 00015000 08:15 920414                     /usr/lib/jvm/java-8-oracle/lib/amd64/jli/libjli.so
7fd905912000-7fd90592a000 r-xp 00000000 08:15 163845                     /lib/x86_64-linux-gnu/libpthread-2.23.so
7fd90592a000-7fd905b29000 ---p 00018000 08:15 163845                     /lib/x86_64-linux-gnu/libpthread-2.23.so
7fd905b29000-7fd905b2a000 r--p 00017000 08:15 163845                     /lib/x86_64-linux-gnu/libpthread-2.23.so
7fd905b2a000-7fd905b2b000 rw-p 00018000 08:15 163845                     /lib/x86_64-linux-gnu/libpthread-2.23.so
7fd905b2b000-7fd905b2f000 rw-p 00000000 00:00 0 
7fd905b2f000-7fd905b55000 r-xp 00000000 08:15 163828                     /lib/x86_64-linux-gnu/ld-2.23.so
7fd905b55000-7fd905b58000 r--s 00019000 08:15 395962                     /home/gawa/.gradle/caches/modules-2/files-2.1/org.apache.commons/commons-pool2/2.4.2/e5f4f28f19d57716fbc3989d7a357ebf1e454fea/commons-pool2-2.4.2.jar
7fd905b58000-7fd905b5f000 r--s 00064000 08:15 395961                     /home/gawa/.gradle/caches/modules-2/files-2.1/org.apache.commons/commons-lang3/3.4/5fe28b9518e58819180a43a850fbc0dd24b7c050/commons-lang3-3.4.jar
7fd905b5f000-7fd905b62000 r--s 00028000 08:15 395960                     /home/gawa/.gradle/caches/modules-2/files-2.1/org.apache.commons/commons-dbcp2/2.1.1/c4f4a76171671ccf293be8995a498eab7fa8ed24/commons-dbcp2-2.1.1.jar
7fd905b62000-7fd905c2d000 rw-p 00000000 00:00 0 
7fd905c2d000-7fd905c30000 ---p 00000000 00:00 0 
7fd905c30000-7fd905d32000 rw-p 00000000 00:00 0 
7fd905d32000-7fd905d34000 r--s 00008000 08:15 395965                     /home/gawa/.gradle/caches/modules-2/files-2.1/org.apache.cxf/cxf-rt-bindings-xml/3.1.3/a6de7965862f9cbfcb5de51a2d4e3bba0cd1f22d/cxf-rt-bindings-xml-3.1.3.jar
7fd905d34000-7fd905d36000 r--s 0000e000 08:15 395959                     /home/gawa/.gradle/caches/modules-2/files-2.1/commons-logging/commons-logging/1.2/4bfc12adfe4842bf07b657f0369c4cb522955686/commons-logging-1.2.jar
7fd905d36000-7fd905d3a000 r--s 0002a000 08:15 395958                     /home/gawa/.gradle/caches/modules-2/files-2.1/commons-io/commons-io/2.4/b1b6ea3b7e4aa4f492509a4952029cd8e48019ad/commons-io-2.4.jar
7fd905d3a000-7fd905d3d000 r--s 00011000 08:15 395957                     /home/gawa/.gradle/caches/modules-2/files-2.1/commons-dbutils/commons-dbutils/1.6/2912b80af5a30a615d549451de1cf0e00275e49a/commons-dbutils-1.6.jar
7fd905d3d000-7fd905d42000 r--s 00035000 08:15 395956                     /home/gawa/.gradle/caches/modules-2/files-2.1/commons-beanutils/commons-beanutils/1.9.2/7a87d845ad3a155297e8f67d9008f4c1e5656b71/commons-beanutils-1.9.2.jar
7fd905d42000-7fd905d46000 r--s 00019000 08:15 395954                     /home/gawa/.gradle/caches/modules-2/files-2.1/org.aspectj/aspectjrt/1.8.9/87372d9e2323313bec24b09a325bfea8ae0eb867/aspectjrt-1.8.9.jar
7fd905d46000-7fd905d48000 r--s 00000000 08:15 395953                     /home/gawa/.gradle/caches/modules-2/files-2.1/aopalliance/aopalliance/1.0/235ba8b489512805ac13a8f9ea77a1ca5ebe3e8/aopalliance-1.0.jar
7fd905d48000-7fd905d50000 rw-s 00000000 08:15 403517                     /tmp/hsperfdata_gawa/4995
7fd905d50000-7fd905d51000 rw-p 00000000 00:00 0 
7fd905d51000-7fd905d52000 ---p 00000000 00:00 0 
7fd905d52000-7fd905d54000 rw-p 00000000 00:00 0 
7fd905d54000-7fd905d55000 r--p 00025000 08:15 163828                     /lib/x86_64-linux-gnu/ld-2.23.so
7fd905d55000-7fd905d56000 rw-p 00026000 08:15 163828                     /lib/x86_64-linux-gnu/ld-2.23.so
7fd905d56000-7fd905d57000 rw-p 00000000 00:00 0 
7ffc83809000-7ffc8382e000 rw-p 00000000 00:00 0                          [stack]
7ffc83887000-7ffc83889000 r--p 00000000 00:00 0                          [vvar]
7ffc83889000-7ffc8388b000 r-xp 00000000 00:00 0                          [vdso]
ffffffffff600000-ffffffffff601000 r-xp 00000000 00:00 0                  [vsyscall]

VM Arguments:
jvm_args: -ea -Dfile.encoding=UTF-8 
java_command: org.eclipse.jdt.internal.junit.runner.RemoteTestRunner -version 3 -port 44027 -testLoaderClass org.eclipse.jdt.internal.junit4.runner.JUnit4TestLoader -loaderpluginname org.eclipse.jdt.junit4.runtime -classNames backend.facade.WebServiceFacadeUnitTest
java_class_path (initial): /home/gawa/Workspace/eclipse/backend/bin:/home/gawa/.gradle/caches/modules-2/files-2.1/aopalliance/aopalliance/1.0/235ba8b489512805ac13a8f9ea77a1ca5ebe3e8/aopalliance-1.0.jar:/home/gawa/.gradle/caches/modules-2/files-2.1/org.aspectj/aspectjrt/1.8.9/87372d9e2323313bec24b09a325bfea8ae0eb867/aspectjrt-1.8.9.jar:/home/gawa/.gradle/caches/modules-2/files-2.1/org.aspectj/aspectjweaver/1.8.9/db28774f477f07220eac18d5ec9c4e01f48589d7/aspectjweaver-1.8.9.jar:/home/gawa/.gradle/caches/modules-2/files-2.1/commons-beanutils/commons-beanutils/1.9.2/7a87d845ad3a155297e8f67d9008f4c1e5656b71/commons-beanutils-1.9.2.jar:/home/gawa/.gradle/caches/modules-2/files-2.1/commons-dbutils/commons-dbutils/1.6/2912b80af5a30a615d549451de1cf0e00275e49a/commons-dbutils-1.6.jar:/home/gawa/.gradle/caches/modules-2/files-2.1/commons-io/commons-io/2.4/b1b6ea3b7e4aa4f492509a4952029cd8e48019ad/commons-io-2.4.jar:/home/gawa/.gradle/caches/modules-2/files-2.1/commons-logging/commons-logging/1.2/4bfc12adfe4842bf07b657f0369c4cb522955686/commons-logging-1.2.jar:/home/gawa/.gradle/caches/modules-2/files-2.1/org.apache.commons/commons-dbcp2/2.1.1/c4f4a76171671ccf293be8995a498eab7fa8ed24/commons-dbcp2-2.1.1.jar:/home/gawa/.gradle/caches/modules-2/files-2.1/org.apache.commons/commons-lang3/3.4/5fe28b9518e58819180a43a850fbc0dd24b7c050/commons-lang3-3.4.jar:/home/gawa/.gradle/caches/modules-2/files-2.1/org.apache.commons/commons-pool2/2.4.2/e5f4f28f19d57716fbc3989d7a357ebf1e454fea/commons-pool2-2.4.2.jar:/home/gawa/.gradle/caches/modules-2/files-2.1/org.apache.cxf/cxf-core/3.1.3/dc1e652736d770dc34dcacbac2279055e7fce000/cxf-core-3.1.3.jar:/home/gawa/.gradle/caches/modules-2/files-2.1/org.apache.cxf/cxf-rt-bindings-soap/3.1.3/61a6f843d8a6782312ef48b3939e0325c9fa424c/cxf-rt-bindings-soap-3.1.3.jar:/home/gawa/.gradle/caches/modules-2/files-2.1/org.apache.cxf/cxf-rt-bindings-xml/3.1.3/a6de7965862f9cbfcb5de51a2d4e3bba0cd1f22d/cxf-rt-bindings-xml-3.1.3.jar:/home/gawa/.gradle/caches/modules-2
Launcher Type: SUN_STANDARD

Environment Variables:
JAVA_HOME=/usr/lib/jvm/java-8-oracle
PATH=/home/gawa/bin:/home/gawa/.local/bin:/usr/local/sbin:/usr/local/bin:/usr/sbin:/usr/bin:/sbin:/bin:/usr/games:/usr/local/games:/snap/bin:/usr/lib/jvm/java-8-oracle/bin:/usr/lib/jvm/java-8-oracle/db/bin:/usr/lib/jvm/java-8-oracle/jre/bin
SHELL=/bin/bash
DISPLAY=:0

Signal Handlers:
SIGSEGV: [libjvm.so+0xac78c0], sa_mask[0]=11111111011111111101111111111110, sa_flags=SA_RESTART|SA_SIGINFO
SIGBUS: [libjvm.so+0xac78c0], sa_mask[0]=11111111011111111101111111111110, sa_flags=SA_RESTART|SA_SIGINFO
SIGFPE: [libjvm.so+0x920ac0], sa_mask[0]=11111111011111111101111111111110, sa_flags=SA_RESTART|SA_SIGINFO
SIGPIPE: [libjvm.so+0x920ac0], sa_mask[0]=11111111011111111101111111111110, sa_flags=SA_RESTART|SA_SIGINFO
SIGXFSZ: [libjvm.so+0x920ac0], sa_mask[0]=11111111011111111101111111111110, sa_flags=SA_RESTART|SA_SIGINFO
SIGILL: [libjvm.so+0x920ac0], sa_mask[0]=11111111011111111101111111111110, sa_flags=SA_RESTART|SA_SIGINFO
SIGUSR1: SIG_DFL, sa_mask[0]=00000000000000000000000000000000, sa_flags=none
SIGUSR2: [libjvm.so+0x922300], sa_mask[0]=00100000000000000000000000000000, sa_flags=SA_RESTART|SA_SIGINFO
SIGHUP: [libjvm.so+0x923700], sa_mask[0]=11111111011111111101111111111110, sa_flags=SA_RESTART|SA_SIGINFO
SIGINT: [libjvm.so+0x923700], sa_mask[0]=11111111011111111101111111111110, sa_flags=SA_RESTART|SA_SIGINFO
SIGTERM: [libjvm.so+0x923700], sa_mask[0]=11111111011111111101111111111110, sa_flags=SA_RESTART|SA_SIGINFO
SIGQUIT: [libjvm.so+0x923700], sa_mask[0]=11111111011111111101111111111110, sa_flags=SA_RESTART|SA_SIGINFO


---------------  S Y S T E M  ---------------

OS:DISTRIB_ID=Ubuntu
DISTRIB_RELEASE=16.04
DISTRIB_CODENAME=xenial
DISTRIB_DESCRIPTION="Ubuntu 16.04.1 LTS"

uname:Linux 4.4.0-64-generic #85-Ubuntu SMP Mon Feb 20 11:50:30 UTC 2017 x86_64
libc:glibc 2.23 NPTL 2.23 
rlimit: STACK 8192k, CORE 0k, NPROC 31322, NOFILE 65536, AS infinity
load average:3,23 2,21 1,43

/proc/meminfo:
MemTotal:        8060072 kB
MemFree:          141552 kB
MemAvailable:      34096 kB
Buffers:             420 kB
Cached:           526872 kB
SwapCached:          824 kB
Active:          6426420 kB
Inactive:        1290376 kB
Active(anon):    6420704 kB
Inactive(anon):  1275708 kB
Active(file):       5716 kB
Inactive(file):    14668 kB
Unevictable:          88 kB
Mlocked:              88 kB
SwapTotal:       1023996 kB
SwapFree:              0 kB
Dirty:               132 kB
Writeback:             0 kB
AnonPages:       7190020 kB
Mapped:           352520 kB
Shmem:            505652 kB
Slab:              76320 kB
SReclaimable:      36640 kB
SUnreclaim:        39680 kB
KernelStack:       13344 kB
PageTables:        56256 kB
NFS_Unstable:          0 kB
Bounce:                0 kB
WritebackTmp:          0 kB
CommitLimit:     5054032 kB
Committed_AS:   14505424 kB
VmallocTotal:   34359738367 kB
VmallocUsed:           0 kB
VmallocChunk:          0 kB
HardwareCorrupted:     0 kB
AnonHugePages:   2138112 kB
CmaTotal:              0 kB
CmaFree:               0 kB
HugePages_Total:       0
HugePages_Free:        0
HugePages_Rsvd:        0
HugePages_Surp:        0
Hugepagesize:       2048 kB
DirectMap4k:      175820 kB
DirectMap2M:     8097792 kB


CPU:total 4 (2 cores per cpu, 2 threads per core) family 6 model 58 stepping 9, cmov, cx8, fxsr, mmx, sse, sse2, sse3, ssse3, sse4.1, sse4.2, popcnt, avx, aes, clmul, erms, ht, tsc, tscinvbit, tscinv

/proc/cpuinfo:
processor	: 0
vendor_id	: GenuineIntel
cpu family	: 6
model		: 58
model name	: Intel(R) Core(TM) i5-3210M CPU @ 2.50GHz
stepping	: 9
microcode	: 0x19
cpu MHz		: 2696.972
cache size	: 3072 KB
physical id	: 0
siblings	: 4
core id		: 0
cpu cores	: 2
apicid		: 0
initial apicid	: 0
fpu		: yes
fpu_exception	: yes
cpuid level	: 13
wp		: yes
flags		: fpu vme de pse tsc msr pae mce cx8 apic sep mtrr pge mca cmov pat pse36 clflush dts acpi mmx fxsr sse sse2 ss ht tm pbe syscall nx rdtscp lm constant_tsc arch_perfmon pebs bts rep_good nopl xtopology nonstop_tsc aperfmperf eagerfpu pni pclmulqdq dtes64 monitor ds_cpl vmx est tm2 ssse3 cx16 xtpr pdcm pcid sse4_1 sse4_2 x2apic popcnt tsc_deadline_timer aes xsave avx f16c rdrand lahf_lm epb tpr_shadow vnmi flexpriority ept vpid fsgsbase smep erms xsaveopt dtherm ida arat pln pts
bugs		:
bogomips	: 4988.84
clflush size	: 64
cache_alignment	: 64
address sizes	: 36 bits physical, 48 bits virtual
power management:

processor	: 1
vendor_id	: GenuineIntel
cpu family	: 6
model		: 58
model name	: Intel(R) Core(TM) i5-3210M CPU @ 2.50GHz
stepping	: 9
microcode	: 0x19
cpu MHz		: 2399.804
cache size	: 3072 KB
physical id	: 0
siblings	: 4
core id		: 1
cpu cores	: 2
apicid		: 2
initial apicid	: 2
fpu		: yes
fpu_exception	: yes
cpuid level	: 13
wp		: yes
flags		: fpu vme de pse tsc msr pae mce cx8 apic sep mtrr pge mca cmov pat pse36 clflush dts acpi mmx fxsr sse sse2 ss ht tm pbe syscall nx rdtscp lm constant_tsc arch_perfmon pebs bts rep_good nopl xtopology nonstop_tsc aperfmperf eagerfpu pni pclmulqdq dtes64 monitor ds_cpl vmx est tm2 ssse3 cx16 xtpr pdcm pcid sse4_1 sse4_2 x2apic popcnt tsc_deadline_timer aes xsave avx f16c rdrand lahf_lm epb tpr_shadow vnmi flexpriority ept vpid fsgsbase smep erms xsaveopt dtherm ida arat pln pts
bugs		:
bogomips	: 4988.84
clflush size	: 64
cache_alignment	: 64
address sizes	: 36 bits physical, 48 bits virtual
power management:

processor	: 2
vendor_id	: GenuineIntel
cpu family	: 6
model		: 58
model name	: Intel(R) Core(TM) i5-3210M CPU @ 2.50GHz
stepping	: 9
microcode	: 0x19
cpu MHz		: 2663.085
cache size	: 3072 KB
physical id	: 0
siblings	: 4
core id		: 0
cpu cores	: 2
apicid		: 1
initial apicid	: 1
fpu		: yes
fpu_exception	: yes
cpuid level	: 13
wp		: yes
flags		: fpu vme de pse tsc msr pae mce cx8 apic sep mtrr pge mca cmov pat pse36 clflush dts acpi mmx fxsr sse sse2 ss ht tm pbe syscall nx rdtscp lm constant_tsc arch_perfmon pebs bts rep_good nopl xtopology nonstop_tsc aperfmperf eagerfpu pni pclmulqdq dtes64 monitor ds_cpl vmx est tm2 ssse3 cx16 xtpr pdcm pcid sse4_1 sse4_2 x2apic popcnt tsc_deadline_timer aes xsave avx f16c rdrand lahf_lm epb tpr_shadow vnmi flexpriority ept vpid fsgsbase smep erms xsaveopt dtherm ida arat pln pts
bugs		:
bogomips	: 4988.84
clflush size	: 64
cache_alignment	: 64
address sizes	: 36 bits physical, 48 bits virtual
power management:

processor	: 3
vendor_id	: GenuineIntel
cpu family	: 6
model		: 58
model name	: Intel(R) Core(TM) i5-3210M CPU @ 2.50GHz
stepping	: 9
microcode	: 0x19
cpu MHz		: 2699.707
cache size	: 3072 KB
physical id	: 0
siblings	: 4
core id		: 1
cpu cores	: 2
apicid		: 3
initial apicid	: 3
fpu		: yes
fpu_exception	: yes
cpuid level	: 13
wp		: yes
flags		: fpu vme de pse tsc msr pae mce cx8 apic sep mtrr pge mca cmov pat pse36 clflush dts acpi mmx fxsr sse sse2 ss ht tm pbe syscall nx rdtscp lm constant_tsc arch_perfmon pebs bts rep_good nopl xtopology nonstop_tsc aperfmperf eagerfpu pni pclmulqdq dtes64 monitor ds_cpl vmx est tm2 ssse3 cx16 xtpr pdcm pcid sse4_1 sse4_2 x2apic popcnt tsc_deadline_timer aes xsave avx f16c rdrand lahf_lm epb tpr_shadow vnmi flexpriority ept vpid fsgsbase smep erms xsaveopt dtherm ida arat pln pts
bugs		:
bogomips	: 4988.84
clflush size	: 64
cache_alignment	: 64
address sizes	: 36 bits physical, 48 bits virtual
power management:



Memory: 4k page, physical 8060072k(141552k free), swap 1023996k(0k free)

vm_info: Java HotSpot(TM) 64-Bit Server VM (25.121-b13) for linux-amd64 JRE (1.8.0_121-b13), built on Dec 12 2016 16:36:53 by "java_re" with gcc 4.3.0 20080428 (Red Hat 4.3.0-8)

time: Tue Feb 28 21:46:16 2017
elapsed time: 135 seconds (0d 0h 2m 15s)

